2024/07/25  09:59:13.325  [TRACE]   MrAcqSimulationPlugin: Plugin::init(): started
2024/07/25  09:59:13.325  [TRACE]   MrAcqSimulationPlugin: SimulationServant_impl::SimulationServant_impl(): started/finished
2024/07/25  09:59:13.325  [TRACE]   MrAcqSimulationPlugin: Plugin::init(): return true
2024/07/25  09:59:13.326  [TRACE]   MrAcqSimulationPlugin: Plugin::afterStart(): started
2024/07/25  09:59:13.326  [TRACE]   MrAcqSimulationPlugin: Plugin::afterStart(): return true
2024/07/25  09:59:13.326  [INFO]    MxiAcqRecoPlugin: Plugin::init(): run 'gsauto -psMode 65 -prototypeMode 0 -adjName Receiver Gain (Traj) -procnoPath /opt/nmrdata/PV-360.3.6/data/nmrsu/20240725_090212_std_PV360_3_6_94T_protocols_1_1/14/pdata/1 -serverName MxiAcqReco_2.16.756.5.5.200.906653985.1404.1721891880.651_82049_462692402_65 -logSeverityLevel SL_INFO ')
2024/07/25  09:59:13.508  [INFO]    MxiAcqRecoPlugin: AcqClient::getMessageCorba(): return 1. Message kind 'Show_status': pulse program in compilation
2024/07/25  09:59:15.897  [INFO]    MxiAcqRecoPlugin: AcqClient::getMessageCorba(): return 1. Message kind 'Show_status': loading TRX2
2024/07/25  09:59:15.901  [INFO]    MxiAcqRecoPlugin: AcqClient::getMessageCorba(): return 1. Message kind 'Show_status': loading TRX3
2024/07/25  09:59:15.905  [INFO]    MxiAcqRecoPlugin: AcqClient::getMessageCorba(): return 1. Message kind 'Show_status': loading TRX4
2024/07/25  09:59:15.909  [INFO]    MxiAcqRecoPlugin: AcqClient::getMessageCorba(): return 1. Message kind 'Show_status': loading TRX5
2024/07/25  09:59:15.912  [INFO]    MxiAcqRecoPlugin: AcqClient::getMessageCorba(): return 1. Message kind 'Show_status': loading TRX6
2024/07/25  09:59:15.916  [INFO]    MxiAcqRecoPlugin: AcqClient::getMessageCorba(): return 1. Message kind 'Show_status': loading TRX7
2024/07/25  09:59:16.082  [INFO]    MxiAcqRecoPlugin: AcqClient::getMessageCorba(): return 1. Message kind 'Show_status': prepare Gradients for Gradient Controller
2024/07/25  09:59:16.420  [INFO]    MxiAcqRecoPlugin: AcqClient::getMessageCorba(): return 1. Message kind 'Show_status': Loading AQS Rack
2024/07/25  09:59:16.422  [INFO]    MxiAcqRecoPlugin: AcqClient::getMessageCorba(): return 1. Message kind 'Show_status': Load GTU and TRX
2024/07/25  09:59:16.554  [INFO]    MxiAcqRecoPlugin: AcqClient::getMessageCorba(): return 1. Message kind 'Show_status': Start GTU and TRX
2024/07/25  09:59:16.659  [INFO]    MxiAcqRecoPlugin: AcqClient::getMessageCorba(): return 1. Message kind 'Show_status': automatic adjustment in progress
2024/07/25  09:59:19.960  [INFO]    MxiAcqRecoPlugin: AcqClient::getMessageCorba(): return 1. Message kind 'Sendgui': statusparsmodified
2024/07/25  09:59:19.961  [INFO]    MxiAcqRecoPlugin: AcqClient::getMessageCorba(): return 1. Message kind 'Sendgui': statusparsmodified
2024/07/25  09:59:19.962  [INFO]    MxiAcqRecoPlugin: AcqClient::getMessageCorba(): return 1. Message kind 'Sendgui': statusparsmodified
2024/07/25  09:59:19.963  [INFO]    MxiAcqRecoPlugin: AcqClient::getMessageCorba(): return 1. Message kind 'Sendgui': statusparsmodified
2024/07/25  09:59:20.260  [INFO]    MxiAcqRecoPlugin: AcqClient::getMessageCorba(): return 1. Message kind 'Show_status': acquisition  finished 
2024/07/25  09:59:20.262  [INFO]    MxiAcqRecoPlugin: AcqClient::getMessageCorba(): return 0. Message kind 'TerminateNormal': 
2024/07/25  09:59:20.275  [INFO]    MxiAcqRecoPlugin: Plugin::beforeStop(): finished
2024/07/25  09:59:20.277  [TRACE]   MrAcqSimulationPlugin: Plugin::beforeStop(): started
2024/07/25  09:59:20.277  [TRACE]   MrAcqSimulationPlugin: Plugin::beforeStop(): return true
2024/07/25  09:59:20.278  [TRACE]   MrAcqSimulationPlugin: SimulationServant_impl::~SimulationServant_impl(): started/finished
2024/07/25  09:59:21.094  [TRACE]   MrAcqSimulationPlugin: Plugin::init(): started
2024/07/25  09:59:21.094  [TRACE]   MrAcqSimulationPlugin: SimulationServant_impl::SimulationServant_impl(): started/finished
2024/07/25  09:59:21.094  [TRACE]   MrAcqSimulationPlugin: Plugin::init(): return true
2024/07/25  09:59:21.095  [TRACE]   MrAcqSimulationPlugin: Plugin::afterStart(): started
2024/07/25  09:59:21.095  [TRACE]   MrAcqSimulationPlugin: Plugin::afterStart(): return true
2024/07/25  09:59:21.095  [INFO]    MxiAcqRecoPlugin: Plugin::init(): run 'gsauto -psMode 65 -prototypeMode 0 -adjName Receiver Gain (RgGhost) -procnoPath /opt/nmrdata/PV-360.3.6/data/nmrsu/20240725_090212_std_PV360_3_6_94T_protocols_1_1/14/pdata/1 -serverName MxiAcqReco_2.16.756.5.5.200.906653985.1404.1721891880.651_82049_462692402_65 -logSeverityLevel SL_INFO ')
2024/07/25  09:59:21.256  [INFO]    MxiAcqRecoPlugin: AcqClient::getMessageCorba(): return 1. Message kind 'Show_status': pulse program in compilation
2024/07/25  09:59:23.414  [INFO]    MxiAcqRecoPlugin: AcqClient::getMessageCorba(): return 1. Message kind 'Show_status': loading TRX2
2024/07/25  09:59:23.416  [INFO]    MxiAcqRecoPlugin: AcqClient::getMessageCorba(): return 1. Message kind 'Show_status': loading TRX3
2024/07/25  09:59:23.418  [INFO]    MxiAcqRecoPlugin: AcqClient::getMessageCorba(): return 1. Message kind 'Show_status': loading TRX4
2024/07/25  09:59:23.420  [INFO]    MxiAcqRecoPlugin: AcqClient::getMessageCorba(): return 1. Message kind 'Show_status': loading TRX5
2024/07/25  09:59:23.422  [INFO]    MxiAcqRecoPlugin: AcqClient::getMessageCorba(): return 1. Message kind 'Show_status': loading TRX6
2024/07/25  09:59:23.424  [INFO]    MxiAcqRecoPlugin: AcqClient::getMessageCorba(): return 1. Message kind 'Show_status': loading TRX7
2024/07/25  09:59:23.592  [INFO]    MxiAcqRecoPlugin: AcqClient::getMessageCorba(): return 1. Message kind 'Show_status': prepare Gradients for Gradient Controller
2024/07/25  09:59:23.932  [INFO]    MxiAcqRecoPlugin: AcqClient::getMessageCorba(): return 1. Message kind 'Show_status': Loading AQS Rack
2024/07/25  09:59:23.934  [INFO]    MxiAcqRecoPlugin: AcqClient::getMessageCorba(): return 1. Message kind 'Show_status': Load GTU and TRX
2024/07/25  09:59:24.069  [INFO]    MxiAcqRecoPlugin: AcqClient::getMessageCorba(): return 1. Message kind 'Show_status': Start GTU and TRX
2024/07/25  09:59:24.176  [INFO]    MxiAcqRecoPlugin: AcqClient::getMessageCorba(): return 1. Message kind 'Show_status': automatic adjustment in progress
2024/07/25  09:59:28.105  [INFO]    MxiAcqRecoPlugin: AcqClient::getMessageCorba(): return 1. Message kind 'Sendgui': statusparsmodified
2024/07/25  09:59:28.108  [INFO]    MxiAcqRecoPlugin: AcqClient::getMessageCorba(): return 1. Message kind 'Sendgui': statusparsmodified
2024/07/25  09:59:28.111  [INFO]    MxiAcqRecoPlugin: AcqClient::getMessageCorba(): return 1. Message kind 'Sendgui': statusparsmodified
2024/07/25  09:59:28.114  [INFO]    MxiAcqRecoPlugin: AcqClient::getMessageCorba(): return 1. Message kind 'Sendgui': statusparsmodified
2024/07/25  09:59:28.410  [INFO]    MxiAcqRecoPlugin: AcqClient::getMessageCorba(): return 1. Message kind 'Show_status': acquisition  finished 
2024/07/25  09:59:28.412  [INFO]    MxiAcqRecoPlugin: AcqClient::getMessageCorba(): return 0. Message kind 'TerminateNormal': 
2024/07/25  09:59:28.423  [INFO]    MxiAcqRecoPlugin: Plugin::beforeStop(): finished
2024/07/25  09:59:28.426  [TRACE]   MrAcqSimulationPlugin: Plugin::beforeStop(): started
2024/07/25  09:59:28.426  [TRACE]   MrAcqSimulationPlugin: Plugin::beforeStop(): return true
2024/07/25  09:59:28.427  [TRACE]   MrAcqSimulationPlugin: SimulationServant_impl::~SimulationServant_impl(): started/finished
2024/07/25  09:59:29.336  [TRACE]   MrAcqSimulationPlugin: Plugin::init(): started
2024/07/25  09:59:29.336  [TRACE]   MrAcqSimulationPlugin: SimulationServant_impl::SimulationServant_impl(): started/finished
2024/07/25  09:59:29.336  [TRACE]   MrAcqSimulationPlugin: Plugin::init(): return true
2024/07/25  09:59:29.336  [TRACE]   MrAcqSimulationPlugin: Plugin::afterStart(): started
2024/07/25  09:59:29.336  [TRACE]   MrAcqSimulationPlugin: Plugin::afterStart(): return true
2024/07/25  09:59:29.336  [INFO]    MxiAcqRecoPlugin: Plugin::init(): run 'gop -psMode 65 -prototypeMode 0 -procnoPath /opt/nmrdata/PV-360.3.6/data/nmrsu/20240725_090212_std_PV360_3_6_94T_protocols_1_1/14/pdata/1 -serverName MxiAcqReco_2.16.756.5.5.200.906653985.1404.1721891880.651_82049_462692402_65 -logSeverityLevel SL_INFO ')
2024/07/25  09:59:29.545  [INFO]    MxiAcqRecoPlugin: AcqClient::getMessageCorba(): return 1. Message kind 'Show_status': pulse program in compilation
2024/07/25  09:59:31.972  [INFO]    MxiAcqRecoPlugin: AcqClient::getMessageCorba(): return 1. Message kind 'Show_status': loading TRX2
2024/07/25  09:59:31.974  [INFO]    MxiAcqRecoPlugin: AcqClient::getMessageCorba(): return 1. Message kind 'Show_status': loading TRX3
2024/07/25  09:59:31.976  [INFO]    MxiAcqRecoPlugin: AcqClient::getMessageCorba(): return 1. Message kind 'Show_status': loading TRX4
2024/07/25  09:59:31.978  [INFO]    MxiAcqRecoPlugin: AcqClient::getMessageCorba(): return 1. Message kind 'Show_status': loading TRX5
2024/07/25  09:59:31.980  [INFO]    MxiAcqRecoPlugin: AcqClient::getMessageCorba(): return 1. Message kind 'Show_status': loading TRX6
2024/07/25  09:59:31.982  [INFO]    MxiAcqRecoPlugin: AcqClient::getMessageCorba(): return 1. Message kind 'Show_status': loading TRX7
2024/07/25  09:59:32.780  [INFO]    MxiAcqRecoPlugin: AcqClient::getMessageCorba(): return 1. Message kind 'Show_status': prepare Gradients for Gradient Controller
2024/07/25  09:59:33.077  [INFO]    MxiAcqRecoPlugin: AcqClient::getMessageCorba(): return 1. Message kind 'Show_status': Loading AQS Rack
2024/07/25  09:59:33.080  [INFO]    MxiAcqRecoPlugin: AcqClient::getMessageCorba(): return 1. Message kind 'Show_status': Load GTU and TRX
2024/07/25  09:59:33.209  [INFO]    MxiAcqRecoPlugin: AcqClient::getMessageCorba(): return 1. Message kind 'Show_status': Start GTU and TRX
2024/07/25  09:59:34.321  [INFO]    MxiAcqRecoPlugin: AcqClient::getMessageCorba(): return 1. Message kind 'Show_status': acquisition in progress
2024/07/25  09:59:44.321  [INFO]    MxiAcqRecoPlugin: AcqClient::getMessageCorba(): return 1. Message kind 'Empty': 
2024/07/25  09:59:54.323  [INFO]    MxiAcqRecoPlugin: AcqClient::getMessageCorba(): return 1. Message kind 'Empty': 
2024/07/25  10:00:04.324  [INFO]    MxiAcqRecoPlugin: AcqClient::getMessageCorba(): return 1. Message kind 'Empty': 
2024/07/25  10:00:14.325  [INFO]    MxiAcqRecoPlugin: AcqClient::getMessageCorba(): return 1. Message kind 'Empty': 
2024/07/25  10:00:24.325  [INFO]    MxiAcqRecoPlugin: AcqClient::getMessageCorba(): return 1. Message kind 'Empty': 
2024/07/25  10:00:34.326  [INFO]    MxiAcqRecoPlugin: AcqClient::getMessageCorba(): return 1. Message kind 'Empty': 
2024/07/25  10:00:44.327  [INFO]    MxiAcqRecoPlugin: AcqClient::getMessageCorba(): return 1. Message kind 'Empty': 
2024/07/25  10:00:54.328  [INFO]    MxiAcqRecoPlugin: AcqClient::getMessageCorba(): return 1. Message kind 'Empty': 
2024/07/25  10:01:04.329  [INFO]    MxiAcqRecoPlugin: AcqClient::getMessageCorba(): return 1. Message kind 'Empty': 
2024/07/25  10:01:14.330  [INFO]    MxiAcqRecoPlugin: AcqClient::getMessageCorba(): return 1. Message kind 'Empty': 
2024/07/25  10:01:24.331  [INFO]    MxiAcqRecoPlugin: AcqClient::getMessageCorba(): return 1. Message kind 'Empty': 
2024/07/25  10:01:34.332  [INFO]    MxiAcqRecoPlugin: AcqClient::getMessageCorba(): return 1. Message kind 'Empty': 
2024/07/25  10:01:44.333  [INFO]    MxiAcqRecoPlugin: AcqClient::getMessageCorba(): return 1. Message kind 'Empty': 
2024/07/25  10:01:54.334  [INFO]    MxiAcqRecoPlugin: AcqClient::getMessageCorba(): return 1. Message kind 'Empty': 
2024/07/25  10:02:04.335  [INFO]    MxiAcqRecoPlugin: AcqClient::getMessageCorba(): return 1. Message kind 'Empty': 
2024/07/25  10:02:14.336  [INFO]    MxiAcqRecoPlugin: AcqClient::getMessageCorba(): return 1. Message kind 'Empty': 
2024/07/25  10:02:24.336  [INFO]    MxiAcqRecoPlugin: AcqClient::getMessageCorba(): return 1. Message kind 'Empty': 
2024/07/25  10:02:34.337  [INFO]    MxiAcqRecoPlugin: AcqClient::getMessageCorba(): return 1. Message kind 'Empty': 
2024/07/25  10:02:44.338  [INFO]    MxiAcqRecoPlugin: AcqClient::getMessageCorba(): return 1. Message kind 'Empty': 
2024/07/25  10:02:54.339  [INFO]    MxiAcqRecoPlugin: AcqClient::getMessageCorba(): return 1. Message kind 'Empty': 
2024/07/25  10:03:04.340  [INFO]    MxiAcqRecoPlugin: AcqClient::getMessageCorba(): return 1. Message kind 'Empty': 
2024/07/25  10:03:14.341  [INFO]    MxiAcqRecoPlugin: AcqClient::getMessageCorba(): return 1. Message kind 'Empty': 
2024/07/25  10:03:24.342  [INFO]    MxiAcqRecoPlugin: AcqClient::getMessageCorba(): return 1. Message kind 'Empty': 
2024/07/25  10:03:34.343  [INFO]    MxiAcqRecoPlugin: AcqClient::getMessageCorba(): return 1. Message kind 'Empty': 
2024/07/25  10:03:44.344  [INFO]    MxiAcqRecoPlugin: AcqClient::getMessageCorba(): return 1. Message kind 'Empty': 
2024/07/25  10:03:54.345  [INFO]    MxiAcqRecoPlugin: AcqClient::getMessageCorba(): return 1. Message kind 'Empty': 
2024/07/25  10:04:04.346  [INFO]    MxiAcqRecoPlugin: AcqClient::getMessageCorba(): return 1. Message kind 'Empty': 
2024/07/25  10:04:14.347  [INFO]    MxiAcqRecoPlugin: AcqClient::getMessageCorba(): return 1. Message kind 'Empty': 
2024/07/25  10:04:16.393  [INFO]    MxiAcqRecoPlugin: AcqClient::getMessageCorba(): return 1. Message kind 'Sendgui': statusparsmodified
2024/07/25  10:04:16.396  [INFO]    MxiAcqRecoPlugin: AcqClient::getMessageCorba(): return 1. Message kind 'Sendgui': statusparsmodified
2024/07/25  10:04:16.399  [INFO]    MxiAcqRecoPlugin: AcqClient::getMessageCorba(): return 1. Message kind 'Sendgui': statusparsmodified
2024/07/25  10:04:16.402  [INFO]    MxiAcqRecoPlugin: AcqClient::getMessageCorba(): return 1. Message kind 'Sendgui': statusparsmodified
2024/07/25  10:04:16.576  [INFO]    MxiAcqRecoPlugin: AcqClient::getMessageCorba(): return 1. Message kind 'Show_status': acquisition  finished 
2024/07/25  10:04:16.583  [INFO]    MxiAcqRecoPlugin: AcqClient::getMessageCorba(): return 0. Message kind 'TerminateNormal': 
2024/07/25  10:04:16.605  [INFO]    MxiAcqRecoPlugin: Plugin::beforeStop(): finished
2024/07/25  10:04:16.608  [TRACE]   MrAcqSimulationPlugin: Plugin::beforeStop(): started
2024/07/25  10:04:16.608  [TRACE]   MrAcqSimulationPlugin: Plugin::beforeStop(): return true
2024/07/25  10:04:16.609  [TRACE]   MrAcqSimulationPlugin: SimulationServant_impl::~SimulationServant_impl(): started/finished
