2024/07/25  09:32:25.884  [TRACE]   MrAcqSimulationPlugin: Plugin::init(): started
2024/07/25  09:32:25.884  [TRACE]   MrAcqSimulationPlugin: SimulationServant_impl::SimulationServant_impl(): started/finished
2024/07/25  09:32:25.884  [TRACE]   MrAcqSimulationPlugin: Plugin::init(): return true
2024/07/25  09:32:25.884  [TRACE]   MrAcqSimulationPlugin: Plugin::afterStart(): started
2024/07/25  09:32:25.884  [TRACE]   MrAcqSimulationPlugin: Plugin::afterStart(): return true
2024/07/25  09:32:25.884  [INFO]    MxiAcqRecoPlugin: Plugin::init(): run 'gsauto -psMode 65 -prototypeMode 0 -adjName Receiver Gain -procnoPath /opt/nmrdata/PV-360.3.6/data/nmrsu/20240725_090212_std_PV360_3_6_94T_protocols_1_1/7/pdata/1 -serverName MxiAcqReco_2.16.756.5.5.200.906653985.1404.1721891365.240_82049_462691522_65 -logSeverityLevel SL_INFO ')
2024/07/25  09:32:26.059  [INFO]    MxiAcqRecoPlugin: AcqClient::getMessageCorba(): return 1. Message kind 'Show_status': pulse program in compilation
2024/07/25  09:32:28.306  [INFO]    MxiAcqRecoPlugin: AcqClient::getMessageCorba(): return 1. Message kind 'Show_status': loading TRX2
2024/07/25  09:32:28.311  [INFO]    MxiAcqRecoPlugin: AcqClient::getMessageCorba(): return 1. Message kind 'Show_status': loading TRX3
2024/07/25  09:32:28.314  [INFO]    MxiAcqRecoPlugin: AcqClient::getMessageCorba(): return 1. Message kind 'Show_status': loading TRX4
2024/07/25  09:32:28.318  [INFO]    MxiAcqRecoPlugin: AcqClient::getMessageCorba(): return 1. Message kind 'Show_status': loading TRX5
2024/07/25  09:32:28.322  [INFO]    MxiAcqRecoPlugin: AcqClient::getMessageCorba(): return 1. Message kind 'Show_status': loading TRX6
2024/07/25  09:32:28.325  [INFO]    MxiAcqRecoPlugin: AcqClient::getMessageCorba(): return 1. Message kind 'Show_status': loading TRX7
2024/07/25  09:32:28.495  [INFO]    MxiAcqRecoPlugin: AcqClient::getMessageCorba(): return 1. Message kind 'Show_status': prepare Gradients for Gradient Controller
2024/07/25  09:32:28.828  [INFO]    MxiAcqRecoPlugin: AcqClient::getMessageCorba(): return 1. Message kind 'Show_status': Loading AQS Rack
2024/07/25  09:32:28.831  [INFO]    MxiAcqRecoPlugin: AcqClient::getMessageCorba(): return 1. Message kind 'Show_status': Load GTU and TRX
2024/07/25  09:32:28.963  [INFO]    MxiAcqRecoPlugin: AcqClient::getMessageCorba(): return 1. Message kind 'Show_status': Start GTU and TRX
2024/07/25  09:32:29.078  [INFO]    MxiAcqRecoPlugin: AcqClient::getMessageCorba(): return 1. Message kind 'Show_status': automatic adjustment in progress
2024/07/25  09:32:36.641  [INFO]    MxiAcqRecoPlugin: AcqClient::getMessageCorba(): return 1. Message kind 'Sendgui': statusparsmodified
2024/07/25  09:32:36.644  [INFO]    MxiAcqRecoPlugin: AcqClient::getMessageCorba(): return 1. Message kind 'Sendgui': statusparsmodified
2024/07/25  09:32:36.646  [INFO]    MxiAcqRecoPlugin: AcqClient::getMessageCorba(): return 1. Message kind 'Sendgui': statusparsmodified
2024/07/25  09:32:36.650  [INFO]    MxiAcqRecoPlugin: AcqClient::getMessageCorba(): return 1. Message kind 'Sendgui': statusparsmodified
2024/07/25  09:32:36.955  [INFO]    MxiAcqRecoPlugin: AcqClient::getMessageCorba(): return 1. Message kind 'Show_status': acquisition  finished 
2024/07/25  09:32:36.958  [INFO]    MxiAcqRecoPlugin: AcqClient::getMessageCorba(): return 0. Message kind 'TerminateNormal': 
2024/07/25  09:32:36.972  [INFO]    MxiAcqRecoPlugin: Plugin::beforeStop(): finished
2024/07/25  09:32:36.974  [TRACE]   MrAcqSimulationPlugin: Plugin::beforeStop(): started
2024/07/25  09:32:36.974  [TRACE]   MrAcqSimulationPlugin: Plugin::beforeStop(): return true
2024/07/25  09:32:36.975  [TRACE]   MrAcqSimulationPlugin: SimulationServant_impl::~SimulationServant_impl(): started/finished
2024/07/25  09:32:37.985  [TRACE]   MrAcqSimulationPlugin: Plugin::init(): started
2024/07/25  09:32:37.985  [TRACE]   MrAcqSimulationPlugin: SimulationServant_impl::SimulationServant_impl(): started/finished
2024/07/25  09:32:37.985  [TRACE]   MrAcqSimulationPlugin: Plugin::init(): return true
2024/07/25  09:32:37.985  [TRACE]   MrAcqSimulationPlugin: Plugin::afterStart(): started
2024/07/25  09:32:37.986  [TRACE]   MrAcqSimulationPlugin: Plugin::afterStart(): return true
2024/07/25  09:32:37.986  [INFO]    MxiAcqRecoPlugin: Plugin::init(): run 'gop -psMode 65 -prototypeMode 0 -procnoPath /opt/nmrdata/PV-360.3.6/data/nmrsu/20240725_090212_std_PV360_3_6_94T_protocols_1_1/7/pdata/1 -serverName MxiAcqReco_2.16.756.5.5.200.906653985.1404.1721891365.240_82049_462691522_65 -logSeverityLevel SL_INFO ')
2024/07/25  09:32:38.178  [INFO]    MxiAcqRecoPlugin: AcqClient::getMessageCorba(): return 1. Message kind 'Show_status': pulse program in compilation
2024/07/25  09:32:40.418  [INFO]    MxiAcqRecoPlugin: AcqClient::getMessageCorba(): return 1. Message kind 'Show_status': loading TRX2
2024/07/25  09:32:40.422  [INFO]    MxiAcqRecoPlugin: AcqClient::getMessageCorba(): return 1. Message kind 'Show_status': loading TRX3
2024/07/25  09:32:40.426  [INFO]    MxiAcqRecoPlugin: AcqClient::getMessageCorba(): return 1. Message kind 'Show_status': loading TRX4
2024/07/25  09:32:40.429  [INFO]    MxiAcqRecoPlugin: AcqClient::getMessageCorba(): return 1. Message kind 'Show_status': loading TRX5
2024/07/25  09:32:40.433  [INFO]    MxiAcqRecoPlugin: AcqClient::getMessageCorba(): return 1. Message kind 'Show_status': loading TRX6
2024/07/25  09:32:40.437  [INFO]    MxiAcqRecoPlugin: AcqClient::getMessageCorba(): return 1. Message kind 'Show_status': loading TRX7
2024/07/25  09:32:40.598  [INFO]    MxiAcqRecoPlugin: AcqClient::getMessageCorba(): return 1. Message kind 'Show_status': prepare Gradients for Gradient Controller
2024/07/25  09:32:40.920  [INFO]    MxiAcqRecoPlugin: AcqClient::getMessageCorba(): return 1. Message kind 'Show_status': Loading AQS Rack
2024/07/25  09:32:40.923  [INFO]    MxiAcqRecoPlugin: AcqClient::getMessageCorba(): return 1. Message kind 'Show_status': Load GTU and TRX
2024/07/25  09:32:41.053  [INFO]    MxiAcqRecoPlugin: AcqClient::getMessageCorba(): return 1. Message kind 'Show_status': Start GTU and TRX
2024/07/25  09:32:41.163  [INFO]    MxiAcqRecoPlugin: AcqClient::getMessageCorba(): return 1. Message kind 'Show_status': acquisition in progress
2024/07/25  09:32:51.164  [INFO]    MxiAcqRecoPlugin: AcqClient::getMessageCorba(): return 1. Message kind 'Empty': 
2024/07/25  09:33:01.165  [INFO]    MxiAcqRecoPlugin: AcqClient::getMessageCorba(): return 1. Message kind 'Empty': 
2024/07/25  09:33:11.166  [INFO]    MxiAcqRecoPlugin: AcqClient::getMessageCorba(): return 1. Message kind 'Empty': 
2024/07/25  09:33:21.167  [INFO]    MxiAcqRecoPlugin: AcqClient::getMessageCorba(): return 1. Message kind 'Empty': 
2024/07/25  09:33:31.168  [INFO]    MxiAcqRecoPlugin: AcqClient::getMessageCorba(): return 1. Message kind 'Empty': 
2024/07/25  09:33:41.168  [INFO]    MxiAcqRecoPlugin: AcqClient::getMessageCorba(): return 1. Message kind 'Empty': 
2024/07/25  09:33:51.169  [INFO]    MxiAcqRecoPlugin: AcqClient::getMessageCorba(): return 1. Message kind 'Empty': 
2024/07/25  09:34:01.170  [INFO]    MxiAcqRecoPlugin: AcqClient::getMessageCorba(): return 1. Message kind 'Empty': 
2024/07/25  09:34:11.171  [INFO]    MxiAcqRecoPlugin: AcqClient::getMessageCorba(): return 1. Message kind 'Empty': 
2024/07/25  09:34:21.172  [INFO]    MxiAcqRecoPlugin: AcqClient::getMessageCorba(): return 1. Message kind 'Empty': 
2024/07/25  09:34:31.173  [INFO]    MxiAcqRecoPlugin: AcqClient::getMessageCorba(): return 1. Message kind 'Empty': 
2024/07/25  09:34:41.174  [INFO]    MxiAcqRecoPlugin: AcqClient::getMessageCorba(): return 1. Message kind 'Empty': 
2024/07/25  09:34:51.175  [INFO]    MxiAcqRecoPlugin: AcqClient::getMessageCorba(): return 1. Message kind 'Empty': 
2024/07/25  09:35:01.176  [INFO]    MxiAcqRecoPlugin: AcqClient::getMessageCorba(): return 1. Message kind 'Empty': 
2024/07/25  09:35:11.177  [INFO]    MxiAcqRecoPlugin: AcqClient::getMessageCorba(): return 1. Message kind 'Empty': 
2024/07/25  09:35:21.178  [INFO]    MxiAcqRecoPlugin: AcqClient::getMessageCorba(): return 1. Message kind 'Empty': 
2024/07/25  09:35:26.608  [INFO]    MxiAcqRecoPlugin: AcqClient::getMessageCorba(): return 1. Message kind 'Sendgui': statusparsmodified
2024/07/25  09:35:26.610  [INFO]    MxiAcqRecoPlugin: AcqClient::getMessageCorba(): return 1. Message kind 'Sendgui': statusparsmodified
2024/07/25  09:35:26.612  [INFO]    MxiAcqRecoPlugin: AcqClient::getMessageCorba(): return 1. Message kind 'Sendgui': statusparsmodified
2024/07/25  09:35:26.615  [INFO]    MxiAcqRecoPlugin: AcqClient::getMessageCorba(): return 1. Message kind 'Sendgui': statusparsmodified
2024/07/25  09:35:26.792  [INFO]    MxiAcqRecoPlugin: AcqClient::getMessageCorba(): return 1. Message kind 'Show_status': acquisition  finished 
2024/07/25  09:35:26.799  [INFO]    MxiAcqRecoPlugin: AcqClient::getMessageCorba(): return 0. Message kind 'TerminateNormal': 
2024/07/25  09:35:26.821  [INFO]    MxiAcqRecoPlugin: Plugin::beforeStop(): finished
2024/07/25  09:35:26.824  [TRACE]   MrAcqSimulationPlugin: Plugin::beforeStop(): started
2024/07/25  09:35:26.824  [TRACE]   MrAcqSimulationPlugin: Plugin::beforeStop(): return true
2024/07/25  09:35:26.826  [TRACE]   MrAcqSimulationPlugin: SimulationServant_impl::~SimulationServant_impl(): started/finished
