2024/07/25  09:35:29.393  [TRACE]   MrAcqSimulationPlugin: Plugin::init(): started
2024/07/25  09:35:29.393  [TRACE]   MrAcqSimulationPlugin: SimulationServant_impl::SimulationServant_impl(): started/finished
2024/07/25  09:35:29.393  [TRACE]   MrAcqSimulationPlugin: Plugin::init(): return true
2024/07/25  09:35:29.394  [TRACE]   MrAcqSimulationPlugin: Plugin::afterStart(): started
2024/07/25  09:35:29.394  [TRACE]   MrAcqSimulationPlugin: Plugin::afterStart(): return true
2024/07/25  09:35:29.395  [INFO]    MxiAcqRecoPlugin: Plugin::init(): run 'gsauto -psMode 65 -prototypeMode 0 -adjName Receiver Gain -procnoPath /opt/nmrdata/PV-360.3.6/data/nmrsu/20240725_090212_std_PV360_3_6_94T_protocols_1_1/10/pdata/1 -serverName MxiAcqReco_2.16.756.5.5.200.906653985.1404.1721891515.364_82049_462691882_65 -logSeverityLevel SL_INFO ')
2024/07/25  09:35:29.621  [INFO]    MxiAcqRecoPlugin: AcqClient::getMessageCorba(): return 1. Message kind 'Show_status': pulse program in compilation
2024/07/25  09:35:31.988  [INFO]    MxiAcqRecoPlugin: AcqClient::getMessageCorba(): return 1. Message kind 'Show_status': loading TRX2
2024/07/25  09:35:31.993  [INFO]    MxiAcqRecoPlugin: AcqClient::getMessageCorba(): return 1. Message kind 'Show_status': loading TRX3
2024/07/25  09:35:31.996  [INFO]    MxiAcqRecoPlugin: AcqClient::getMessageCorba(): return 1. Message kind 'Show_status': loading TRX4
2024/07/25  09:35:31.999  [INFO]    MxiAcqRecoPlugin: AcqClient::getMessageCorba(): return 1. Message kind 'Show_status': loading TRX5
2024/07/25  09:35:32.002  [INFO]    MxiAcqRecoPlugin: AcqClient::getMessageCorba(): return 1. Message kind 'Show_status': loading TRX6
2024/07/25  09:35:32.005  [INFO]    MxiAcqRecoPlugin: AcqClient::getMessageCorba(): return 1. Message kind 'Show_status': loading TRX7
2024/07/25  09:35:32.134  [INFO]    MxiAcqRecoPlugin: AcqClient::getMessageCorba(): return 1. Message kind 'Show_status': prepare Gradients for Gradient Controller
2024/07/25  09:35:32.464  [INFO]    MxiAcqRecoPlugin: AcqClient::getMessageCorba(): return 1. Message kind 'Show_status': Loading AQS Rack
2024/07/25  09:35:32.466  [INFO]    MxiAcqRecoPlugin: AcqClient::getMessageCorba(): return 1. Message kind 'Show_status': Load GTU and TRX
2024/07/25  09:35:32.598  [INFO]    MxiAcqRecoPlugin: AcqClient::getMessageCorba(): return 1. Message kind 'Show_status': Start GTU and TRX
2024/07/25  09:35:32.704  [INFO]    MxiAcqRecoPlugin: AcqClient::getMessageCorba(): return 1. Message kind 'Show_status': automatic adjustment in progress
2024/07/25  09:35:34.410  [INFO]    MxiAcqRecoPlugin: AcqClient::getMessageCorba(): return 1. Message kind 'Sendgui': statusparsmodified
2024/07/25  09:35:34.413  [INFO]    MxiAcqRecoPlugin: AcqClient::getMessageCorba(): return 1. Message kind 'Sendgui': statusparsmodified
2024/07/25  09:35:34.416  [INFO]    MxiAcqRecoPlugin: AcqClient::getMessageCorba(): return 1. Message kind 'Sendgui': statusparsmodified
2024/07/25  09:35:34.419  [INFO]    MxiAcqRecoPlugin: AcqClient::getMessageCorba(): return 1. Message kind 'Sendgui': statusparsmodified
2024/07/25  09:35:34.725  [INFO]    MxiAcqRecoPlugin: AcqClient::getMessageCorba(): return 1. Message kind 'Show_status': acquisition  finished 
2024/07/25  09:35:34.727  [INFO]    MxiAcqRecoPlugin: AcqClient::getMessageCorba(): return 0. Message kind 'TerminateNormal': 
2024/07/25  09:35:34.733  [INFO]    MxiAcqRecoPlugin: Plugin::beforeStop(): finished
2024/07/25  09:35:34.735  [TRACE]   MrAcqSimulationPlugin: Plugin::beforeStop(): started
2024/07/25  09:35:34.735  [TRACE]   MrAcqSimulationPlugin: Plugin::beforeStop(): return true
2024/07/25  09:35:34.736  [TRACE]   MrAcqSimulationPlugin: SimulationServant_impl::~SimulationServant_impl(): started/finished
2024/07/25  09:35:35.681  [TRACE]   MrAcqSimulationPlugin: Plugin::init(): started
2024/07/25  09:35:35.681  [TRACE]   MrAcqSimulationPlugin: SimulationServant_impl::SimulationServant_impl(): started/finished
2024/07/25  09:35:35.681  [TRACE]   MrAcqSimulationPlugin: Plugin::init(): return true
2024/07/25  09:35:35.681  [TRACE]   MrAcqSimulationPlugin: Plugin::afterStart(): started
2024/07/25  09:35:35.681  [TRACE]   MrAcqSimulationPlugin: Plugin::afterStart(): return true
2024/07/25  09:35:35.681  [INFO]    MxiAcqRecoPlugin: Plugin::init(): run 'gop -psMode 65 -prototypeMode 0 -procnoPath /opt/nmrdata/PV-360.3.6/data/nmrsu/20240725_090212_std_PV360_3_6_94T_protocols_1_1/10/pdata/1 -serverName MxiAcqReco_2.16.756.5.5.200.906653985.1404.1721891515.364_82049_462691882_65 -logSeverityLevel SL_INFO ')
2024/07/25  09:35:35.885  [INFO]    MxiAcqRecoPlugin: AcqClient::getMessageCorba(): return 1. Message kind 'Show_status': pulse program in compilation
2024/07/25  09:35:38.158  [INFO]    MxiAcqRecoPlugin: AcqClient::getMessageCorba(): return 1. Message kind 'Show_status': loading TRX2
2024/07/25  09:35:38.160  [INFO]    MxiAcqRecoPlugin: AcqClient::getMessageCorba(): return 1. Message kind 'Show_status': loading TRX3
2024/07/25  09:35:38.162  [INFO]    MxiAcqRecoPlugin: AcqClient::getMessageCorba(): return 1. Message kind 'Show_status': loading TRX4
2024/07/25  09:35:38.165  [INFO]    MxiAcqRecoPlugin: AcqClient::getMessageCorba(): return 1. Message kind 'Show_status': loading TRX5
2024/07/25  09:35:38.167  [INFO]    MxiAcqRecoPlugin: AcqClient::getMessageCorba(): return 1. Message kind 'Show_status': loading TRX6
2024/07/25  09:35:38.169  [INFO]    MxiAcqRecoPlugin: AcqClient::getMessageCorba(): return 1. Message kind 'Show_status': loading TRX7
2024/07/25  09:35:38.310  [INFO]    MxiAcqRecoPlugin: AcqClient::getMessageCorba(): return 1. Message kind 'Show_status': prepare Gradients for Gradient Controller
2024/07/25  09:35:38.584  [INFO]    MxiAcqRecoPlugin: AcqClient::getMessageCorba(): return 1. Message kind 'Show_status': Loading AQS Rack
2024/07/25  09:35:38.587  [INFO]    MxiAcqRecoPlugin: AcqClient::getMessageCorba(): return 1. Message kind 'Show_status': Load GTU and TRX
2024/07/25  09:35:38.717  [INFO]    MxiAcqRecoPlugin: AcqClient::getMessageCorba(): return 1. Message kind 'Show_status': Start GTU and TRX
2024/07/25  09:35:38.790  [INFO]    MxiAcqRecoPlugin: AcqClient::getMessageCorba(): return 1. Message kind 'Show_status': acquisition in progress
2024/07/25  09:35:48.791  [INFO]    MxiAcqRecoPlugin: AcqClient::getMessageCorba(): return 1. Message kind 'Empty': 
2024/07/25  09:35:58.792  [INFO]    MxiAcqRecoPlugin: AcqClient::getMessageCorba(): return 1. Message kind 'Empty': 
2024/07/25  09:36:08.793  [INFO]    MxiAcqRecoPlugin: AcqClient::getMessageCorba(): return 1. Message kind 'Empty': 
2024/07/25  09:36:18.794  [INFO]    MxiAcqRecoPlugin: AcqClient::getMessageCorba(): return 1. Message kind 'Empty': 
2024/07/25  09:36:28.795  [INFO]    MxiAcqRecoPlugin: AcqClient::getMessageCorba(): return 1. Message kind 'Empty': 
2024/07/25  09:36:38.796  [INFO]    MxiAcqRecoPlugin: AcqClient::getMessageCorba(): return 1. Message kind 'Empty': 
2024/07/25  09:36:48.796  [INFO]    MxiAcqRecoPlugin: AcqClient::getMessageCorba(): return 1. Message kind 'Empty': 
2024/07/25  09:36:58.797  [INFO]    MxiAcqRecoPlugin: AcqClient::getMessageCorba(): return 1. Message kind 'Empty': 
2024/07/25  09:37:08.798  [INFO]    MxiAcqRecoPlugin: AcqClient::getMessageCorba(): return 1. Message kind 'Empty': 
2024/07/25  09:37:18.799  [INFO]    MxiAcqRecoPlugin: AcqClient::getMessageCorba(): return 1. Message kind 'Empty': 
2024/07/25  09:37:28.800  [INFO]    MxiAcqRecoPlugin: AcqClient::getMessageCorba(): return 1. Message kind 'Empty': 
2024/07/25  09:37:38.801  [INFO]    MxiAcqRecoPlugin: AcqClient::getMessageCorba(): return 1. Message kind 'Empty': 
2024/07/25  09:37:48.802  [INFO]    MxiAcqRecoPlugin: AcqClient::getMessageCorba(): return 1. Message kind 'Empty': 
2024/07/25  09:37:58.803  [INFO]    MxiAcqRecoPlugin: AcqClient::getMessageCorba(): return 1. Message kind 'Empty': 
2024/07/25  09:38:08.803  [INFO]    MxiAcqRecoPlugin: AcqClient::getMessageCorba(): return 1. Message kind 'Empty': 
2024/07/25  09:38:18.804  [INFO]    MxiAcqRecoPlugin: AcqClient::getMessageCorba(): return 1. Message kind 'Empty': 
2024/07/25  09:38:28.805  [INFO]    MxiAcqRecoPlugin: AcqClient::getMessageCorba(): return 1. Message kind 'Empty': 
2024/07/25  09:38:38.806  [INFO]    MxiAcqRecoPlugin: AcqClient::getMessageCorba(): return 1. Message kind 'Empty': 
2024/07/25  09:38:48.807  [INFO]    MxiAcqRecoPlugin: AcqClient::getMessageCorba(): return 1. Message kind 'Empty': 
2024/07/25  09:38:58.808  [INFO]    MxiAcqRecoPlugin: AcqClient::getMessageCorba(): return 1. Message kind 'Empty': 
2024/07/25  09:39:04.873  [INFO]    MxiAcqRecoPlugin: AcqClient::getMessageCorba(): return 1. Message kind 'Sendgui': statusparsmodified
2024/07/25  09:39:04.876  [INFO]    MxiAcqRecoPlugin: AcqClient::getMessageCorba(): return 1. Message kind 'Sendgui': statusparsmodified
2024/07/25  09:39:04.878  [INFO]    MxiAcqRecoPlugin: AcqClient::getMessageCorba(): return 1. Message kind 'Sendgui': statusparsmodified
2024/07/25  09:39:04.882  [INFO]    MxiAcqRecoPlugin: AcqClient::getMessageCorba(): return 1. Message kind 'Sendgui': statusparsmodified
2024/07/25  09:39:05.060  [INFO]    MxiAcqRecoPlugin: AcqClient::getMessageCorba(): return 1. Message kind 'Show_status': acquisition  finished 
2024/07/25  09:39:05.067  [INFO]    MxiAcqRecoPlugin: AcqClient::getMessageCorba(): return 0. Message kind 'TerminateNormal': 
2024/07/25  09:39:05.090  [INFO]    MxiAcqRecoPlugin: Plugin::beforeStop(): finished
2024/07/25  09:39:05.093  [TRACE]   MrAcqSimulationPlugin: Plugin::beforeStop(): started
2024/07/25  09:39:05.093  [TRACE]   MrAcqSimulationPlugin: Plugin::beforeStop(): return true
2024/07/25  09:39:05.095  [TRACE]   MrAcqSimulationPlugin: SimulationServant_impl::~SimulationServant_impl(): started/finished
